<?xml version="1.0" encoding="utf-8"?>
<!DOCTYPE coverage SYSTEM "http://cobertura.sourceforge.net/xml/coverage-04.dtd">
<coverage line-rate="0.902173913043478" branch-rate="1" lines-covered="83" lines-valid="92" branches-covered="26" branches-valid="26" complexity="36" version="0" timestamp="1677416393">
  <sources>
    <source>C:\Users\NSD\</source>
  </sources>
  <packages>
    <package name="Lift" line-rate="0.846153846153846" branch-rate="1" complexity="27">
      <classes>
        <class name="Lift.LiftSimulator" filename="C:\Users\NSD\Desktop\QA EXAM 26.02.2023\Lift\Lift\LiftSimulator.cs" line-rate="1" branch-rate="1" complexity="26">
          <methods>
            <method name="FitPeopleOnTheLiftAndGetResult" signature="(...)" line-rate="1" branch-rate="1" complexity="6">
              <lines>
                <line number="14" hits="3" branch="false" />
                <line number="15" hits="3" branch="false" />
                <line number="16" hits="3" branch="false" />
                <line number="17" hits="3" branch="false" />
                <line number="18" hits="3" branch="false" />
                <line number="19" hits="3" branch="false" />
                <line number="21" hits="3" branch="false" />
                <line number="23" hits="3" branch="true" condition-coverage="100% (2/2)" />
                <line number="24" hits="1" branch="false" />
                <line number="25" hits="2" branch="true" condition-coverage="100% (2/2)" />
                <line number="26" hits="2" branch="true" condition-coverage="100% (2/2)" />
                <line number="27" hits="1" branch="false" />
                <line number="29" hits="1" branch="false" />
                <line number="30" hits="3" branch="false" />
                <line number="32" hits="3" branch="false" />
                <line number="33" hits="3" branch="false" />
              </lines>
            </method>
            <method name="FitPeopleOnTheLift" signature="(...)" line-rate="1" branch-rate="1" complexity="20">
              <lines>
                <line number="36" hits="9" branch="false" />
                <line number="38" hits="9" branch="true" condition-coverage="100% (4/4)" />
                <line number="39" hits="2" branch="false" />
                <line number="40" hits="2" branch="false" />
                <line number="41" hits="2" branch="false" />
                <line number="45" hits="75" branch="true" condition-coverage="100% (2/2)" />
                <line number="46" hits="28" branch="false" />
                <line number="47" hits="28" branch="true" condition-coverage="100% (4/4)" />
                <line number="48" hits="2" branch="false" />
                <line number="49" hits="26" branch="false" />
                <line number="52" hits="5" branch="true" condition-coverage="100% (2/2)" />
                <line number="53" hits="1" branch="false" />
                <line number="54" hits="1" branch="false" />
                <line number="58" hits="4" branch="false" />
                <line number="61" hits="30" branch="true" condition-coverage="100% (2/2)" />
                <line number="62" hits="14" branch="false" />
                <line number="63" hits="59" branch="true" condition-coverage="100% (2/2)" />
                <line number="64" hits="47" branch="false" />
                <line number="65" hits="47" branch="true" condition-coverage="100% (2/2)" />
                <line number="66" hits="2" branch="false" />
                <line number="67" hits="45" branch="false" />
                <line number="68" hits="45" branch="false" />
                <line number="69" hits="45" branch="false" />
                <line number="70" hits="14" branch="true" condition-coverage="100% (2/2)" />
                <line number="71" hits="3" branch="false" />
                <line number="72" hits="11" branch="false" />
                <line number="74" hits="4" branch="false" />
                <line number="75" hits="4" branch="false" />
              </lines>
            </method>
          </methods>
          <lines>
            <line number="14" hits="3" branch="false" />
            <line number="15" hits="3" branch="false" />
            <line number="16" hits="3" branch="false" />
            <line number="17" hits="3" branch="false" />
            <line number="18" hits="3" branch="false" />
            <line number="19" hits="3" branch="false" />
            <line number="21" hits="3" branch="false" />
            <line number="23" hits="3" branch="true" condition-coverage="100% (2/2)" />
            <line number="24" hits="1" branch="false" />
            <line number="25" hits="2" branch="true" condition-coverage="100% (2/2)" />
            <line number="26" hits="2" branch="true" condition-coverage="100% (2/2)" />
            <line number="27" hits="1" branch="false" />
            <line number="29" hits="1" branch="false" />
            <line number="30" hits="3" branch="false" />
            <line number="32" hits="3" branch="false" />
            <line number="33" hits="3" branch="false" />
            <line number="36" hits="9" branch="false" />
            <line number="38" hits="9" branch="true" condition-coverage="100% (4/4)" />
            <line number="39" hits="2" branch="false" />
            <line number="40" hits="2" branch="false" />
            <line number="41" hits="2" branch="false" />
            <line number="45" hits="75" branch="true" condition-coverage="100% (2/2)" />
            <line number="46" hits="28" branch="false" />
            <line number="47" hits="28" branch="true" condition-coverage="100% (4/4)" />
            <line number="48" hits="2" branch="false" />
            <line number="49" hits="26" branch="false" />
            <line number="52" hits="5" branch="true" condition-coverage="100% (2/2)" />
            <line number="53" hits="1" branch="false" />
            <line number="54" hits="1" branch="false" />
            <line number="58" hits="4" branch="false" />
            <line number="61" hits="30" branch="true" condition-coverage="100% (2/2)" />
            <line number="62" hits="14" branch="false" />
            <line number="63" hits="59" branch="true" condition-coverage="100% (2/2)" />
            <line number="64" hits="47" branch="false" />
            <line number="65" hits="47" branch="true" condition-coverage="100% (2/2)" />
            <line number="66" hits="2" branch="false" />
            <line number="67" hits="45" branch="false" />
            <line number="68" hits="45" branch="false" />
            <line number="69" hits="45" branch="false" />
            <line number="70" hits="14" branch="true" condition-coverage="100% (2/2)" />
            <line number="71" hits="3" branch="false" />
            <line number="72" hits="11" branch="false" />
            <line number="74" hits="4" branch="false" />
            <line number="75" hits="4" branch="false" />
          </lines>
        </class>
        <class name="StartUp" filename="C:\Users\NSD\Desktop\QA EXAM 26.02.2023\Lift\Lift\StartUp.cs" line-rate="0" branch-rate="1" complexity="1">
          <methods>
            <method name="Main" signature="()" line-rate="0" branch-rate="1" complexity="1">
              <lines>
                <line number="6" hits="0" branch="false" />
                <line number="7" hits="0" branch="false" />
                <line number="9" hits="0" branch="false" />
                <line number="10" hits="0" branch="false" />
                <line number="12" hits="0" branch="false" />
                <line number="14" hits="0" branch="false" />
                <line number="16" hits="0" branch="false" />
                <line number="17" hits="0" branch="false" />
              </lines>
            </method>
          </methods>
          <lines>
            <line number="6" hits="0" branch="false" />
            <line number="7" hits="0" branch="false" />
            <line number="9" hits="0" branch="false" />
            <line number="10" hits="0" branch="false" />
            <line number="12" hits="0" branch="false" />
            <line number="14" hits="0" branch="false" />
            <line number="16" hits="0" branch="false" />
            <line number="17" hits="0" branch="false" />
          </lines>
        </class>
      </classes>
    </package>
    <package name="LiftTests" line-rate="0.975" branch-rate="1" complexity="9">
      <classes>
        <class name="AutoGeneratedProgram" filename="C:\Users\NSD\.nuget\packages\microsoft.net.test.sdk\17.4.1\build\netcoreapp3.1\Microsoft.NET.Test.Sdk.Program.cs" line-rate="0" branch-rate="1" complexity="1">
          <methods>
            <method name="Main" signature="(...)" line-rate="0" branch-rate="1" complexity="1">
              <lines>
                <line number="4" hits="0" branch="false" />
              </lines>
            </method>
          </methods>
          <lines>
            <line number="4" hits="0" branch="false" />
          </lines>
        </class>
        <class name="LiftTests.LiftTests" filename="C:\Users\NSD\Desktop\QA EXAM 26.02.2023\Lift\LiftTests\LiftTests.cs" line-rate="1" branch-rate="1" complexity="8">
          <methods>
            <method name="Setup" signature="()" line-rate="1" branch-rate="1" complexity="1">
              <lines>
                <line number="12" hits="7" branch="false" />
                <line number="13" hits="7" branch="false" />
                <line number="15" hits="7" branch="false" />
              </lines>
            </method>
            <method name="Test_CheckValidInput" signature="()" line-rate="1" branch-rate="1" complexity="1">
              <lines>
                <line number="19" hits="1" branch="false" />
                <line number="21" hits="1" branch="false" />
                <line number="22" hits="1" branch="false" />
                <line number="24" hits="1" branch="false" />
                <line number="26" hits="1" branch="false" />
              </lines>
            </method>
            <method name="Test_CheckInValidPeopleCount" signature="()" line-rate="1" branch-rate="1" complexity="1">
              <lines>
                <line number="31" hits="1" branch="false" />
                <line number="33" hits="1" branch="false" />
                <line number="35" hits="3" branch="false" />
                <line number="37" hits="1" branch="false" />
              </lines>
            </method>
            <method name="Test_CheckInValidLiftSize" signature="()" line-rate="1" branch-rate="1" complexity="1">
              <lines>
                <line number="41" hits="1" branch="false" />
                <line number="43" hits="1" branch="false" />
                <line number="44" hits="1" branch="false" />
                <line number="47" hits="3" branch="false" />
                <line number="48" hits="3" branch="false" />
                <line number="49" hits="1" branch="false" />
              </lines>
            </method>
            <method name="Test_CheckInValidLiftState" signature="()" line-rate="1" branch-rate="1" complexity="1">
              <lines>
                <line number="54" hits="1" branch="false" />
                <line number="56" hits="1" branch="false" />
                <line number="57" hits="1" branch="false" />
                <line number="59" hits="3" branch="false" />
                <line number="60" hits="3" branch="false" />
                <line number="62" hits="1" branch="false" />
              </lines>
            </method>
            <method name="Test_CheckThereIsNoEnoughSpaceOnTheLift" signature="()" line-rate="1" branch-rate="1" complexity="1">
              <lines>
                <line number="67" hits="1" branch="false" />
                <line number="69" hits="1" branch="false" />
                <line number="70" hits="1" branch="false" />
                <line number="71" hits="1" branch="false" />
                <line number="72" hits="1" branch="false" />
              </lines>
            </method>
            <method name="Test_CheckLiftHasEmptySpaces" signature="()" line-rate="1" branch-rate="1" complexity="1">
              <lines>
                <line number="76" hits="1" branch="false" />
                <line number="78" hits="1" branch="false" />
                <line number="79" hits="1" branch="false" />
                <line number="80" hits="1" branch="false" />
                <line number="82" hits="1" branch="false" />
              </lines>
            </method>
            <method name="Test_CheckLiftIsFull" signature="()" line-rate="1" branch-rate="1" complexity="1">
              <lines>
                <line number="86" hits="1" branch="false" />
                <line number="88" hits="1" branch="false" />
                <line number="89" hits="1" branch="false" />
                <line number="90" hits="1" branch="false" />
                <line number="92" hits="1" branch="false" />
              </lines>
            </method>
          </methods>
          <lines>
            <line number="12" hits="7" branch="false" />
            <line number="13" hits="7" branch="false" />
            <line number="15" hits="7" branch="false" />
            <line number="19" hits="1" branch="false" />
            <line number="21" hits="1" branch="false" />
            <line number="22" hits="1" branch="false" />
            <line number="24" hits="1" branch="false" />
            <line number="26" hits="1" branch="false" />
            <line number="31" hits="1" branch="false" />
            <line number="33" hits="1" branch="false" />
            <line number="35" hits="3" branch="false" />
            <line number="37" hits="1" branch="false" />
            <line number="41" hits="1" branch="false" />
            <line number="43" hits="1" branch="false" />
            <line number="44" hits="1" branch="false" />
            <line number="47" hits="3" branch="false" />
            <line number="48" hits="3" branch="false" />
            <line number="49" hits="1" branch="false" />
            <line number="54" hits="1" branch="false" />
            <line number="56" hits="1" branch="false" />
            <line number="57" hits="1" branch="false" />
            <line number="59" hits="3" branch="false" />
            <line number="60" hits="3" branch="false" />
            <line number="62" hits="1" branch="false" />
            <line number="67" hits="1" branch="false" />
            <line number="69" hits="1" branch="false" />
            <line number="70" hits="1" branch="false" />
            <line number="71" hits="1" branch="false" />
            <line number="72" hits="1" branch="false" />
            <line number="76" hits="1" branch="false" />
            <line number="78" hits="1" branch="false" />
            <line number="79" hits="1" branch="false" />
            <line number="80" hits="1" branch="false" />
            <line number="82" hits="1" branch="false" />
            <line number="86" hits="1" branch="false" />
            <line number="88" hits="1" branch="false" />
            <line number="89" hits="1" branch="false" />
            <line number="90" hits="1" branch="false" />
            <line number="92" hits="1" branch="false" />
          </lines>
        </class>
      </classes>
    </package>
  </packages>
</coverage>